[2022-06-11T02:36:00.253Z] Validating found git in: git
[2022-06-11T02:36:00.310Z] Using git 2.36.1 from git
[2022-06-11T02:36:00.319Z] > git rev-parse --show-toplevel [3ms]
[2022-06-11T02:36:00.319Z] fatal: not a git repository (or any parent up to mount point /)
Stopping at filesystem boundary (GIT_DISCOVERY_ACROSS_FILESYSTEM not set).
[2022-06-11T02:36:00.335Z] > git rev-parse --show-toplevel [7ms]
[2022-06-11T02:36:00.335Z] fatal: not a git repository (or any parent up to mount point /)
Stopping at filesystem boundary (GIT_DISCOVERY_ACROSS_FILESYSTEM not set).
[2022-06-11T02:36:00.792Z] > git rev-parse --show-toplevel [444ms]
[2022-06-11T02:36:00.792Z] fatal: not a git repository (or any parent up to mount point /)
Stopping at filesystem boundary (GIT_DISCOVERY_ACROSS_FILESYSTEM not set).
[2022-06-11T02:36:00.806Z] > git rev-parse --show-toplevel [3ms]
[2022-06-11T02:36:00.807Z] fatal: not a git repository (or any parent up to mount point /)
Stopping at filesystem boundary (GIT_DISCOVERY_ACROSS_FILESYSTEM not set).
[2022-06-11T02:36:13.408Z] > git rev-parse --show-toplevel [7ms]
[2022-06-11T02:36:13.408Z] fatal: not a git repository (or any parent up to mount point /)
Stopping at filesystem boundary (GIT_DISCOVERY_ACROSS_FILESYSTEM not set).
[2022-06-11T02:36:31.519Z] > git rev-parse --show-toplevel [3ms]
[2022-06-11T02:36:31.519Z] fatal: not a git repository (or any parent up to mount point /)
Stopping at filesystem boundary (GIT_DISCOVERY_ACROSS_FILESYSTEM not set).
[2022-06-11T02:36:42.161Z] > git rev-parse --show-toplevel [4ms]
[2022-06-11T02:36:42.161Z] fatal: not a git repository (or any parent up to mount point /)
Stopping at filesystem boundary (GIT_DISCOVERY_ACROSS_FILESYSTEM not set).
[2022-06-11T02:36:43.846Z] > git rev-parse --show-toplevel [4ms]
[2022-06-11T02:36:43.846Z] fatal: not a git repository (or any parent up to mount point /)
Stopping at filesystem boundary (GIT_DISCOVERY_ACROSS_FILESYSTEM not set).
[2022-06-11T02:37:05.221Z] > git rev-parse --show-toplevel [6ms]
[2022-06-11T02:37:05.221Z] fatal: not a git repository (or any parent up to mount point /)
Stopping at filesystem boundary (GIT_DISCOVERY_ACROSS_FILESYSTEM not set).
[2022-06-11T02:37:14.126Z] > git rev-parse --show-toplevel [2ms]
[2022-06-11T02:37:14.126Z] fatal: not a git repository (or any parent up to mount point /)
Stopping at filesystem boundary (GIT_DISCOVERY_ACROSS_FILESYSTEM not set).
[2022-06-11T02:37:39.604Z] > git rev-parse --show-toplevel [4ms]
[2022-06-11T02:37:39.604Z] fatal: not a git repository (or any parent up to mount point /)
Stopping at filesystem boundary (GIT_DISCOVERY_ACROSS_FILESYSTEM not set).
[2022-06-11T02:38:10.183Z] > git rev-parse --show-toplevel [7ms]
[2022-06-11T02:38:10.183Z] fatal: not a git repository (or any parent up to mount point /)
Stopping at filesystem boundary (GIT_DISCOVERY_ACROSS_FILESYSTEM not set).
[2022-06-11T03:08:42.520Z] > git rev-parse --show-toplevel [133ms]
[2022-06-11T03:08:42.520Z] fatal: not a git repository (or any parent up to mount point /)
Stopping at filesystem boundary (GIT_DISCOVERY_ACROSS_FILESYSTEM not set).
[2022-06-11T03:08:50.856Z] > git rev-parse --show-toplevel [8ms]
[2022-06-11T03:08:50.856Z] fatal: not a git repository (or any parent up to mount point /)
Stopping at filesystem boundary (GIT_DISCOVERY_ACROSS_FILESYSTEM not set).
[2022-06-11T03:08:53.452Z] > git rev-parse --show-toplevel [16ms]
[2022-06-11T03:08:53.452Z] fatal: not a git repository (or any parent up to mount point /)
Stopping at filesystem boundary (GIT_DISCOVERY_ACROSS_FILESYSTEM not set).
[2022-06-11T04:34:59.639Z] > git rev-parse --show-toplevel [145ms]
[2022-06-11T04:34:59.639Z] fatal: not a git repository (or any parent up to mount point /)
Stopping at filesystem boundary (GIT_DISCOVERY_ACROSS_FILESYSTEM not set).
[2022-06-11T05:01:09.246Z] > git rev-parse --show-toplevel [243ms]
[2022-06-11T05:01:09.247Z] fatal: not a git repository (or any parent up to mount point /)
Stopping at filesystem boundary (GIT_DISCOVERY_ACROSS_FILESYSTEM not set).
[2022-06-11T05:04:26.481Z] > git rev-parse --show-toplevel [42ms]
[2022-06-11T05:04:26.481Z] fatal: not a git repository (or any parent up to mount point /)
Stopping at filesystem boundary (GIT_DISCOVERY_ACROSS_FILESYSTEM not set).
[2022-06-11T05:08:30.253Z] > git rev-parse --show-toplevel [216ms]
[2022-06-11T05:08:30.253Z] fatal: not a git repository (or any parent up to mount point /)
Stopping at filesystem boundary (GIT_DISCOVERY_ACROSS_FILESYSTEM not set).
