[2022-06-16T13:48:12.855Z] Log level: Info
[2022-06-16T13:48:12.856Z] [info] Validating found git in: git
[2022-06-16T13:48:12.924Z] [info] Using git 2.36.1 from git
[2022-06-16T13:48:12.947Z] > git rev-parse --show-toplevel [6ms]
[2022-06-16T13:48:12.947Z] fatal: not a git repository (or any parent up to mount point /)
Stopping at filesystem boundary (GIT_DISCOVERY_ACROSS_FILESYSTEM not set).
[2022-06-16T13:48:12.959Z] > git rev-parse --show-toplevel [1ms]
[2022-06-16T13:48:12.959Z] fatal: not a git repository (or any parent up to mount point /)
Stopping at filesystem boundary (GIT_DISCOVERY_ACROSS_FILESYSTEM not set).
[2022-06-16T13:48:12.965Z] > git rev-parse --show-toplevel [1ms]
[2022-06-16T13:48:12.965Z] fatal: not a git repository (or any parent up to mount point /)
Stopping at filesystem boundary (GIT_DISCOVERY_ACROSS_FILESYSTEM not set).
[2022-06-16T13:48:13.305Z] > git rev-parse --show-toplevel [41ms]
[2022-06-16T13:48:13.305Z] fatal: not a git repository (or any parent up to mount point /)
Stopping at filesystem boundary (GIT_DISCOVERY_ACROSS_FILESYSTEM not set).
[2022-06-16T13:50:52.097Z] > git rev-parse --show-toplevel [4ms]
[2022-06-16T13:50:52.097Z] fatal: not a git repository (or any parent up to mount point /)
Stopping at filesystem boundary (GIT_DISCOVERY_ACROSS_FILESYSTEM not set).
[2022-06-16T13:51:16.791Z] > git rev-parse --show-toplevel [4ms]
[2022-06-16T13:51:16.791Z] fatal: not a git repository (or any parent up to mount point /)
Stopping at filesystem boundary (GIT_DISCOVERY_ACROSS_FILESYSTEM not set).
[2022-06-16T13:51:21.602Z] > git rev-parse --show-toplevel [5ms]
[2022-06-16T13:51:21.602Z] fatal: not a git repository (or any parent up to mount point /)
Stopping at filesystem boundary (GIT_DISCOVERY_ACROSS_FILESYSTEM not set).
[2022-06-16T13:51:32.452Z] > git rev-parse --show-toplevel [2ms]
[2022-06-16T13:51:32.452Z] fatal: not a git repository (or any parent up to mount point /)
Stopping at filesystem boundary (GIT_DISCOVERY_ACROSS_FILESYSTEM not set).
[2022-06-16T13:51:37.187Z] > git rev-parse --show-toplevel [7ms]
[2022-06-16T13:51:37.188Z] fatal: not a git repository (or any parent up to mount point /)
Stopping at filesystem boundary (GIT_DISCOVERY_ACROSS_FILESYSTEM not set).
[2022-06-16T13:51:38.375Z] > git rev-parse --show-toplevel [3ms]
[2022-06-16T13:51:38.375Z] fatal: not a git repository (or any parent up to mount point /)
Stopping at filesystem boundary (GIT_DISCOVERY_ACROSS_FILESYSTEM not set).
[2022-06-16T13:51:50.180Z] > git rev-parse --show-toplevel [18ms]
[2022-06-16T13:51:50.180Z] fatal: not a git repository (or any parent up to mount point /)
Stopping at filesystem boundary (GIT_DISCOVERY_ACROSS_FILESYSTEM not set).
[2022-06-16T13:52:01.597Z] > git rev-parse --show-toplevel [4ms]
[2022-06-16T13:52:01.597Z] fatal: not a git repository (or any parent up to mount point /)
Stopping at filesystem boundary (GIT_DISCOVERY_ACROSS_FILESYSTEM not set).
[2022-06-16T13:52:16.490Z] > git rev-parse --show-toplevel [3ms]
[2022-06-16T13:52:16.490Z] fatal: not a git repository (or any parent up to mount point /)
Stopping at filesystem boundary (GIT_DISCOVERY_ACROSS_FILESYSTEM not set).
[2022-06-16T13:52:25.864Z] > git rev-parse --show-toplevel [2ms]
[2022-06-16T13:52:25.864Z] fatal: not a git repository (or any parent up to mount point /)
Stopping at filesystem boundary (GIT_DISCOVERY_ACROSS_FILESYSTEM not set).
[2022-06-16T13:52:29.192Z] > git rev-parse --show-toplevel [5ms]
[2022-06-16T13:52:29.192Z] fatal: not a git repository (or any parent up to mount point /)
Stopping at filesystem boundary (GIT_DISCOVERY_ACROSS_FILESYSTEM not set).
[2022-06-16T13:52:30.028Z] > git rev-parse --show-toplevel [4ms]
[2022-06-16T13:52:30.028Z] fatal: not a git repository (or any parent up to mount point /)
Stopping at filesystem boundary (GIT_DISCOVERY_ACROSS_FILESYSTEM not set).
[2022-06-16T13:52:31.312Z] > git rev-parse --show-toplevel [7ms]
[2022-06-16T13:52:31.312Z] fatal: not a git repository (or any parent up to mount point /)
Stopping at filesystem boundary (GIT_DISCOVERY_ACROSS_FILESYSTEM not set).
[2022-06-16T13:52:33.645Z] > git rev-parse --show-toplevel [3ms]
[2022-06-16T13:52:33.645Z] fatal: not a git repository (or any parent up to mount point /)
Stopping at filesystem boundary (GIT_DISCOVERY_ACROSS_FILESYSTEM not set).
[2022-06-16T13:52:35.397Z] > git rev-parse --show-toplevel [3ms]
[2022-06-16T13:52:35.397Z] fatal: not a git repository (or any parent up to mount point /)
Stopping at filesystem boundary (GIT_DISCOVERY_ACROSS_FILESYSTEM not set).
[2022-06-16T13:53:01.020Z] > git rev-parse --show-toplevel [3ms]
[2022-06-16T13:53:01.020Z] fatal: not a git repository (or any parent up to mount point /)
Stopping at filesystem boundary (GIT_DISCOVERY_ACROSS_FILESYSTEM not set).
[2022-06-16T13:53:04.580Z] > git rev-parse --show-toplevel [21ms]
[2022-06-16T13:53:04.580Z] fatal: not a git repository (or any parent up to mount point /)
Stopping at filesystem boundary (GIT_DISCOVERY_ACROSS_FILESYSTEM not set).
[2022-06-16T13:53:07.857Z] > git rev-parse --show-toplevel [10ms]
[2022-06-16T13:53:07.860Z] fatal: not a git repository (or any parent up to mount point /)
Stopping at filesystem boundary (GIT_DISCOVERY_ACROSS_FILESYSTEM not set).
[2022-06-16T13:53:09.393Z] > git rev-parse --show-toplevel [28ms]
[2022-06-16T13:53:09.393Z] fatal: not a git repository (or any parent up to mount point /)
Stopping at filesystem boundary (GIT_DISCOVERY_ACROSS_FILESYSTEM not set).
[2022-06-16T13:53:21.555Z] > git rev-parse --show-toplevel [2ms]
[2022-06-16T13:53:21.555Z] fatal: not a git repository (or any parent up to mount point /)
Stopping at filesystem boundary (GIT_DISCOVERY_ACROSS_FILESYSTEM not set).
[2022-06-16T13:53:22.685Z] > git rev-parse --show-toplevel [14ms]
[2022-06-16T13:53:22.685Z] fatal: not a git repository (or any parent up to mount point /)
Stopping at filesystem boundary (GIT_DISCOVERY_ACROSS_FILESYSTEM not set).
[2022-06-16T13:53:23.451Z] > git rev-parse --show-toplevel [8ms]
[2022-06-16T13:53:23.451Z] fatal: not a git repository (or any parent up to mount point /)
Stopping at filesystem boundary (GIT_DISCOVERY_ACROSS_FILESYSTEM not set).
[2022-06-16T13:53:26.009Z] > git rev-parse --show-toplevel [12ms]
[2022-06-16T13:53:26.010Z] fatal: not a git repository (or any parent up to mount point /)
Stopping at filesystem boundary (GIT_DISCOVERY_ACROSS_FILESYSTEM not set).
[2022-06-16T13:53:26.408Z] > git rev-parse --show-toplevel [12ms]
[2022-06-16T13:53:26.408Z] fatal: not a git repository (or any parent up to mount point /)
Stopping at filesystem boundary (GIT_DISCOVERY_ACROSS_FILESYSTEM not set).
[2022-06-16T13:53:38.788Z] > git rev-parse --show-toplevel [6ms]
[2022-06-16T13:53:38.788Z] fatal: not a git repository (or any parent up to mount point /)
Stopping at filesystem boundary (GIT_DISCOVERY_ACROSS_FILESYSTEM not set).
[2022-06-16T13:53:41.419Z] > git rev-parse --show-toplevel [8ms]
[2022-06-16T13:53:41.419Z] fatal: not a git repository (or any parent up to mount point /)
Stopping at filesystem boundary (GIT_DISCOVERY_ACROSS_FILESYSTEM not set).
[2022-06-16T13:53:53.947Z] > git rev-parse --show-toplevel [3ms]
[2022-06-16T13:53:53.947Z] fatal: not a git repository (or any parent up to mount point /)
Stopping at filesystem boundary (GIT_DISCOVERY_ACROSS_FILESYSTEM not set).
[2022-06-16T13:54:20.868Z] > git rev-parse --show-toplevel [3ms]
[2022-06-16T13:54:20.868Z] fatal: not a git repository (or any parent up to mount point /)
Stopping at filesystem boundary (GIT_DISCOVERY_ACROSS_FILESYSTEM not set).
