[2022-06-16 19:18:11.457] [exthost] [info] Extension host with pid 218718 started
[2022-06-16 19:18:11.457] [exthost] [info] Skipping acquiring lock for /home/mag/.config/Code - OSS/User/workspaceStorage/2ba5995fbd8cbadc8b84b421bb2976b6.
[2022-06-16 19:18:11.917] [exthost] [info] ExtensionService#_doActivateExtension SPGoding.datapack-language-server, startup: false, activationEvent: 'onLanguage:mcfunction'
[2022-06-16 19:18:12.001] [exthost] [info] ExtensionService#_doActivateExtension vscode.debug-auto-launch, startup: true, activationEvent: '*'
[2022-06-16 19:18:12.021] [exthost] [info] ExtensionService#_doActivateExtension vscode.git-base, startup: true, activationEvent: '*', root cause: vscode.git
[2022-06-16 19:18:12.033] [exthost] [info] ExtensionService#_doActivateExtension vscode.ipynb, startup: true, activationEvent: '*'
[2022-06-16 19:18:12.039] [exthost] [info] ExtensionService#_doActivateExtension cweijan.git-history-plus, startup: true, activationEvent: '*'
[2022-06-16 19:18:12.101] [exthost] [info] ExtensionService#_doActivateExtension dlasagno.wal-theme, startup: true, activationEvent: '*'
[2022-06-16 19:18:12.768] [exthost] [info] ExtensionService#_doActivateExtension vscode.git, startup: true, activationEvent: '*'
[2022-06-16 19:18:12.809] [exthost] [info] ExtensionService#_doActivateExtension vscode.github, startup: true, activationEvent: '*'
[2022-06-16 19:18:12.943] [exthost] [info] Eager extensions activated
[2022-06-16 19:18:12.971] [exthost] [info] ExtensionService#_doActivateExtension vscode.emmet, startup: false, activationEvent: 'onStartupFinished'
[2022-06-16 19:18:12.978] [exthost] [info] ExtensionService#_doActivateExtension vscode.merge-conflict, startup: false, activationEvent: 'onStartupFinished'
[2022-06-16 19:18:12.981] [exthost] [info] ExtensionService#_doActivateExtension CoenraadS.bracket-pair-colorizer-2, startup: false, activationEvent: 'onStartupFinished'
[2022-06-16 19:18:13.167] [exthost] [info] ExtensionService#_doActivateExtension PKief.material-icon-theme, startup: false, activationEvent: 'onStartupFinished'
[2022-06-16 19:18:13.187] [exthost] [info] ExtensionService#_doActivateExtension unthrottled.doki-theme, startup: false, activationEvent: 'onStartupFinished'
[2022-06-16 19:23:01.027] [exthost] [info] ExtensionService#_doActivateExtension vscode.configuration-editing, startup: false, activationEvent: 'onLanguage:json'
[2022-06-16 19:23:01.048] [exthost] [info] ExtensionService#_doActivateExtension vscode.extension-editing, startup: false, activationEvent: 'onLanguage:json'
[2022-06-16 19:23:01.088] [exthost] [info] ExtensionService#_doActivateExtension vscode.json-language-features, startup: false, activationEvent: 'onLanguage:json'
[2022-06-16 19:23:01.177] [exthost] [info] ExtensionService#_doActivateExtension vscode.npm, startup: false, activationEvent: 'onLanguage:json'
[2022-06-16 19:23:01.286] [exthost] [info] ExtensionService#_doActivateExtension BlockceptionLtd.blockceptionvscodeminecraftbedrockdevelopmentextension, startup: false, activationEvent: 'onLanguage:json'
[2022-06-16 19:24:47.429] [exthost] [info] Extension host terminating: received terminate message from renderer
[2022-06-16 19:24:47.497] [exthost] [info] Extension host with pid 218718 exiting with code 0
