[2022-06-02T03:35:12.434Z] Validating found git in: git
[2022-06-02T03:35:12.611Z] Using git 2.36.1 from git
[2022-06-02T03:35:13.295Z] > git rev-parse --show-toplevel [674ms]
[2022-06-02T03:35:13.390Z] > git rev-parse --git-dir --git-common-dir [90ms]
[2022-06-02T03:35:13.396Z] Open repository: /home/mag/Workstation/Crap/gitwork/Datapacks/Bartering Queue
[2022-06-02T03:35:14.735Z] > git status -z -uall [1331ms]
[2022-06-02T03:35:14.750Z] > git symbolic-ref --short HEAD [6ms]
[2022-06-02T03:35:14.830Z] > git for-each-ref --format=%(refname)%00%(upstream:short)%00%(objectname)%00%(upstream:track)%00%(upstream:remotename)%00%(upstream:remoteref) refs/heads/dev-1.16.1 refs/remotes/dev-1.16.1 [66ms]
[2022-06-02T03:35:14.849Z] > git remote --verbose [1ms]
[2022-06-02T03:35:15.035Z] > git for-each-ref --sort -committerdate --format %(refname) %(objectname) %(*objectname) [197ms]
[2022-06-02T03:35:15.046Z] > git config --get commit.template [1ms]
[2022-06-02T03:35:17.841Z] > git check-ignore -v -z --stdin [3ms]
[2022-06-02T03:35:21.685Z] > git show --textconv :README.md [43ms]
[2022-06-02T03:35:21.698Z] > git ls-files --stage -- /home/mag/Workstation/Crap/gitwork/Datapacks/Bartering Queue/README.md [38ms]
[2022-06-02T03:35:21.728Z] > git cat-file -s a3765e98205856e2b2593e096867d85a136ebeb2 [5ms]
[2022-06-02T03:41:15.177Z] > git status -z -uall [919ms]
[2022-06-02T03:41:15.276Z] > git symbolic-ref --short HEAD [11ms]
[2022-06-02T03:41:15.383Z] > git for-each-ref --format=%(refname)%00%(upstream:short)%00%(objectname)%00%(upstream:track)%00%(upstream:remotename)%00%(upstream:remoteref) refs/heads/dev-1.16.1 refs/remotes/dev-1.16.1 [89ms]
[2022-06-02T03:41:15.406Z] > git remote --verbose [8ms]
[2022-06-02T03:41:15.523Z] > git for-each-ref --sort -committerdate --format %(refname) %(objectname) %(*objectname) [132ms]
[2022-06-02T03:41:15.553Z] > git config --get commit.template [1ms]
[2022-06-02T03:41:43.468Z] > git checkout -q master [272ms]
[2022-06-02T03:41:43.468Z] error: Your local changes to the following files would be overwritten by checkout:
	README.md
Please commit your changes or stash them before you switch branches.
Aborting
[2022-06-02T03:41:54.396Z] git.stage 1
[2022-06-02T03:41:54.399Z] git.stage.scmResources 1
[2022-06-02T03:41:54.597Z] > git add -A -- /home/mag/Workstation/Crap/gitwork/Datapacks/Bartering Queue/README.md [177ms]
[2022-06-02T03:41:54.621Z] > git status -z -uall [6ms]
[2022-06-02T03:41:54.652Z] > git symbolic-ref --short HEAD [10ms]
[2022-06-02T03:41:54.667Z] > git for-each-ref --format=%(refname)%00%(upstream:short)%00%(objectname)%00%(upstream:track)%00%(upstream:remotename)%00%(upstream:remoteref) refs/heads/dev-1.16.1 refs/remotes/dev-1.16.1 [2ms]
[2022-06-02T03:41:54.691Z] > git for-each-ref --sort -committerdate --format %(refname) %(objectname) %(*objectname) [10ms]
[2022-06-02T03:41:54.698Z] > git remote --verbose [8ms]
[2022-06-02T03:41:54.719Z] > git config --get commit.template [4ms]
[2022-06-02T03:41:55.787Z] > git ls-files --stage -- /home/mag/Workstation/Crap/gitwork/Datapacks/Bartering Queue/README.md [3ms]
[2022-06-02T03:41:55.797Z] > git cat-file -s 122fdcb0d5d6c4c85d818f7915b05f49670ad3dc [1ms]
[2022-06-02T03:41:55.810Z] > git show --textconv :README.md [1ms]
[2022-06-02T03:42:00.458Z] > git show --textconv HEAD:README.md [42ms]
[2022-06-02T03:42:00.459Z] > git show --textconv :README.md [32ms]
[2022-06-02T03:42:00.459Z] > git ls-tree -l HEAD -- /home/mag/Workstation/Crap/gitwork/Datapacks/Bartering Queue/README.md [17ms]
[2022-06-02T03:42:00.463Z] > git ls-files --stage -- /home/mag/Workstation/Crap/gitwork/Datapacks/Bartering Queue/README.md [7ms]
[2022-06-02T03:42:00.481Z] > git cat-file -s 122fdcb0d5d6c4c85d818f7915b05f49670ad3dc [2ms]
[2022-06-02T03:42:00.978Z] > git check-ignore -v -z --stdin [7ms]
[2022-06-02T03:42:04.093Z] > git branch [1ms]
[2022-06-02T03:42:04.108Z] > git reset -q HEAD -- /home/mag/Workstation/Crap/gitwork/Datapacks/Bartering Queue/README.md [4ms]
[2022-06-02T03:42:04.126Z] > git status -z -uall [5ms]
[2022-06-02T03:42:04.139Z] > git symbolic-ref --short HEAD [1ms]
[2022-06-02T03:42:04.191Z] > git for-each-ref --format=%(refname)%00%(upstream:short)%00%(objectname)%00%(upstream:track)%00%(upstream:remotename)%00%(upstream:remoteref) refs/heads/dev-1.16.1 refs/remotes/dev-1.16.1 [40ms]
[2022-06-02T03:42:04.239Z] > git remote --verbose [13ms]
[2022-06-02T03:42:04.240Z] > git for-each-ref --sort -committerdate --format %(refname) %(objectname) %(*objectname) [32ms]
[2022-06-02T03:42:04.264Z] > git config --get commit.template [2ms]
[2022-06-02T03:42:05.387Z] > git ls-files --stage -- /home/mag/Workstation/Crap/gitwork/Datapacks/Bartering Queue/README.md [74ms]
[2022-06-02T03:42:05.420Z] > git cat-file -s a3765e98205856e2b2593e096867d85a136ebeb2 [19ms]
[2022-06-02T03:42:05.422Z] > git ls-tree -l HEAD -- /home/mag/Workstation/Crap/gitwork/Datapacks/Bartering Queue/README.md [126ms]
[2022-06-02T03:42:05.451Z] > git show --textconv :README.md [13ms]
[2022-06-02T03:42:05.453Z] > git show --textconv HEAD:README.md [4ms]
[2022-06-02T03:42:06.391Z] > git status -z -uall [95ms]
[2022-06-02T03:42:06.405Z] > git symbolic-ref --short HEAD [3ms]
[2022-06-02T03:42:06.495Z] > git for-each-ref --format=%(refname)%00%(upstream:short)%00%(objectname)%00%(upstream:track)%00%(upstream:remotename)%00%(upstream:remoteref) refs/heads/dev-1.16.1 refs/remotes/dev-1.16.1 [78ms]
[2022-06-02T03:42:06.523Z] > git remote --verbose [2ms]
[2022-06-02T03:42:06.626Z] > git for-each-ref --sort -committerdate --format %(refname) %(objectname) %(*objectname) [118ms]
[2022-06-02T03:42:06.651Z] > git config --get commit.template [1ms]
[2022-06-02T03:42:07.339Z] > git ls-tree -l HEAD -- /home/mag/Workstation/Crap/gitwork/Datapacks/Bartering Queue/README.md [18ms]
[2022-06-02T03:42:07.341Z] > git ls-files --stage -- /home/mag/Workstation/Crap/gitwork/Datapacks/Bartering Queue/README.md [2ms]
[2022-06-02T03:42:07.351Z] > git cat-file -s a3765e98205856e2b2593e096867d85a136ebeb2 [2ms]
[2022-06-02T03:42:07.925Z] > git ls-tree -l HEAD -- /home/mag/Workstation/Crap/gitwork/Datapacks/Bartering Queue/README.md [14ms]
[2022-06-02T03:42:07.926Z] > git ls-files --stage -- /home/mag/Workstation/Crap/gitwork/Datapacks/Bartering Queue/README.md [2ms]
[2022-06-02T03:42:07.936Z] > git cat-file -s a3765e98205856e2b2593e096867d85a136ebeb2 [2ms]
[2022-06-02T03:42:08.458Z] > git ls-files --stage -- /home/mag/Workstation/Crap/gitwork/Datapacks/Bartering Queue/README.md [11ms]
[2022-06-02T03:42:08.470Z] > git ls-tree -l HEAD -- /home/mag/Workstation/Crap/gitwork/Datapacks/Bartering Queue/README.md [34ms]
[2022-06-02T03:42:08.472Z] > git cat-file -s a3765e98205856e2b2593e096867d85a136ebeb2 [2ms]
[2022-06-02T03:42:08.519Z] > git checkout -q -- /home/mag/Workstation/Crap/gitwork/Datapacks/Bartering Queue/README.md [62ms]
[2022-06-02T03:42:08.533Z] > git status -z -uall [7ms]
[2022-06-02T03:42:08.545Z] > git symbolic-ref --short HEAD [2ms]
[2022-06-02T03:42:08.573Z] > git for-each-ref --format=%(refname)%00%(upstream:short)%00%(objectname)%00%(upstream:track)%00%(upstream:remotename)%00%(upstream:remoteref) refs/heads/dev-1.16.1 refs/remotes/dev-1.16.1 [10ms]
[2022-06-02T03:42:08.598Z] > git for-each-ref --sort -committerdate --format %(refname) %(objectname) %(*objectname) [14ms]
[2022-06-02T03:42:08.605Z] > git remote --verbose [10ms]
[2022-06-02T03:42:08.625Z] > git config --get commit.template [4ms]
[2022-06-02T03:42:09.723Z] > git ls-tree -l HEAD -- /home/mag/Workstation/Crap/gitwork/Datapacks/Bartering Queue/README.md [31ms]
[2022-06-02T03:42:09.726Z] > git ls-files --stage -- /home/mag/Workstation/Crap/gitwork/Datapacks/Bartering Queue/README.md [7ms]
[2022-06-02T03:42:09.738Z] > git cat-file -s a3765e98205856e2b2593e096867d85a136ebeb2 [3ms]
[2022-06-02T03:42:09.751Z] > git show --textconv HEAD:README.md [3ms]
[2022-06-02T03:42:09.759Z] > git show --textconv :README.md [1ms]
[2022-06-02T03:42:11.678Z] > git status -z -uall [10ms]
[2022-06-02T03:42:11.699Z] > git symbolic-ref --short HEAD [3ms]
[2022-06-02T03:42:11.726Z] > git for-each-ref --format=%(refname)%00%(upstream:short)%00%(objectname)%00%(upstream:track)%00%(upstream:remotename)%00%(upstream:remoteref) refs/heads/dev-1.16.1 refs/remotes/dev-1.16.1 [17ms]
[2022-06-02T03:42:11.750Z] > git for-each-ref --sort -committerdate --format %(refname) %(objectname) %(*objectname) [14ms]
[2022-06-02T03:42:11.751Z] > git remote --verbose [2ms]
[2022-06-02T03:42:11.770Z] > git config --get commit.template [2ms]
[2022-06-02T03:42:13.996Z] > git checkout -q master [640ms]
[2022-06-02T03:42:14.024Z] > git status -z -uall [8ms]
[2022-06-02T03:42:14.036Z] > git symbolic-ref --short HEAD [2ms]
[2022-06-02T03:42:14.051Z] > git for-each-ref --format=%(refname)%00%(upstream:short)%00%(objectname)%00%(upstream:track)%00%(upstream:remotename)%00%(upstream:remoteref) refs/heads/master refs/remotes/master [2ms]
[2022-06-02T03:42:14.076Z] > git for-each-ref --sort -committerdate --format %(refname) %(objectname) %(*objectname) [12ms]
[2022-06-02T03:42:14.077Z] > git remote --verbose [6ms]
[2022-06-02T03:42:14.091Z] > git config --get commit.template [2ms]
[2022-06-02T03:42:15.195Z] > git ls-tree -l HEAD -- /home/mag/Workstation/Crap/gitwork/Datapacks/Bartering Queue/README.md [7ms]
[2022-06-02T03:42:15.196Z] > git ls-files --stage -- /home/mag/Workstation/Crap/gitwork/Datapacks/Bartering Queue/README.md [3ms]
[2022-06-02T03:42:15.202Z] > git cat-file -s 7a60d3fd9170a198d143b2eadc792ff43b502e95 [1ms]
[2022-06-02T03:42:15.218Z] > git show --textconv HEAD:README.md [9ms]
[2022-06-02T03:42:15.219Z] > git show --textconv :README.md [1ms]
[2022-06-02T03:42:16.781Z] > git status -z -uall [2ms]
[2022-06-02T03:42:16.788Z] > git symbolic-ref --short HEAD [1ms]
[2022-06-02T03:42:16.798Z] > git for-each-ref --format=%(refname)%00%(upstream:short)%00%(objectname)%00%(upstream:track)%00%(upstream:remotename)%00%(upstream:remoteref) refs/heads/master refs/remotes/master [2ms]
[2022-06-02T03:42:16.811Z] > git for-each-ref --sort -committerdate --format %(refname) %(objectname) %(*objectname) [8ms]
[2022-06-02T03:42:16.812Z] > git remote --verbose [2ms]
[2022-06-02T03:42:16.818Z] > git config --get commit.template [1ms]
[2022-06-02T03:42:17.362Z] > git check-ignore -v -z --stdin [1ms]
[2022-06-02T03:42:18.387Z] > git show --textconv :README.md [27ms]
[2022-06-02T03:42:18.392Z] > git ls-files --stage -- /home/mag/Workstation/Crap/gitwork/Datapacks/Bartering Queue/README.md [6ms]
[2022-06-02T03:42:18.421Z] > git cat-file -s 7a60d3fd9170a198d143b2eadc792ff43b502e95 [3ms]
[2022-06-02T03:42:39.399Z] > git ls-files --stage -- /home/mag/Workstation/Crap/gitwork/Datapacks/Bartering Queue/data/test/loot_tables/bartering/fire_res_splash.json [38ms]
[2022-06-02T03:42:39.602Z] > git show --textconv :data/test/loot_tables/bartering/fire_res_splash.json [258ms]
[2022-06-02T03:42:39.604Z] > git cat-file -s 4298b3778685300dac864dc6084915693678978a [24ms]
[2022-06-02T03:42:53.566Z] > git ls-files --stage -- /home/mag/Workstation/Crap/gitwork/Datapacks/Bartering Queue/pack.mcmeta [25ms]
[2022-06-02T03:42:53.666Z] > git cat-file -s 8f1ce6fe3a830756fb95c72fe52e07f0263afc57 [83ms]
[2022-06-02T03:42:53.667Z] > git show --textconv :pack.mcmeta [150ms]
[2022-06-02T03:42:53.891Z] > git show --textconv :README.md [9ms]
[2022-06-02T03:42:53.930Z] > git ls-files --stage -- /home/mag/Workstation/Crap/gitwork/Datapacks/Bartering Queue/README.md [40ms]
[2022-06-02T03:42:53.949Z] > git cat-file -s 7a60d3fd9170a198d143b2eadc792ff43b502e95 [2ms]
[2022-06-02T03:43:05.784Z] > git show --textconv :pack.mcmeta [18ms]
[2022-06-02T03:43:05.787Z] > git ls-files --stage -- /home/mag/Workstation/Crap/gitwork/Datapacks/Bartering Queue/pack.mcmeta [11ms]
[2022-06-02T03:43:05.803Z] > git cat-file -s 8f1ce6fe3a830756fb95c72fe52e07f0263afc57 [3ms]
[2022-06-02T03:43:13.018Z] > git status -z -uall [344ms]
[2022-06-02T03:43:13.045Z] > git symbolic-ref --short HEAD [3ms]
[2022-06-02T03:43:13.150Z] > git for-each-ref --format=%(refname)%00%(upstream:short)%00%(objectname)%00%(upstream:track)%00%(upstream:remotename)%00%(upstream:remoteref) refs/heads/master refs/remotes/master [88ms]
[2022-06-02T03:43:13.171Z] > git remote --verbose [3ms]
[2022-06-02T03:43:13.280Z] > git for-each-ref --sort -committerdate --format %(refname) %(objectname) %(*objectname) [120ms]
[2022-06-02T03:43:13.316Z] > git config --get commit.template [2ms]
[2022-06-02T03:45:21.942Z] > git status -z -uall [2002ms]
[2022-06-02T03:45:22.074Z] > git symbolic-ref --short HEAD [62ms]
[2022-06-02T03:45:22.201Z] > git for-each-ref --format=%(refname)%00%(upstream:short)%00%(objectname)%00%(upstream:track)%00%(upstream:remotename)%00%(upstream:remoteref) refs/heads/master refs/remotes/master [119ms]
[2022-06-02T03:45:22.261Z] > git remote --verbose [10ms]
[2022-06-02T03:45:22.440Z] > git for-each-ref --sort -committerdate --format %(refname) %(objectname) %(*objectname) [203ms]
[2022-06-02T03:45:22.497Z] > git config --get commit.template [2ms]
[2022-06-02T03:45:34.054Z] > git log --oneline --cherry master...master@{upstream} -- [344ms]
[2022-06-02T03:45:36.388Z] > git pull --tags origin master [2287ms]
[2022-06-02T03:45:36.388Z] From https://github.com/MaG-NITud3/Bartering-Queue
 * branch            master       -> FETCH_HEAD
 * [new tag]         1.0.1-1.16.1 -> 1.0.1-1.16.1
   4cebf97..cf0b1b2  master       -> origin/master
error: Your local changes to the following files would be overwritten by merge:
	README.md
Please commit your changes or stash them before you merge.
Aborting
[2022-06-02T03:45:40.717Z] > git status -z -uall [101ms]
[2022-06-02T03:45:40.733Z] > git symbolic-ref --short HEAD [1ms]
[2022-06-02T03:45:40.803Z] > git for-each-ref --format=%(refname)%00%(upstream:short)%00%(objectname)%00%(upstream:track)%00%(upstream:remotename)%00%(upstream:remoteref) refs/heads/master refs/remotes/master [59ms]
[2022-06-02T03:45:40.818Z] > git for-each-ref --sort -committerdate --format %(refname) %(objectname) %(*objectname) [7ms]
[2022-06-02T03:45:40.819Z] > git remote --verbose [2ms]
[2022-06-02T03:45:40.836Z] > git config --get commit.template [1ms]
[2022-06-02T03:45:47.704Z] > git checkout -q -- /home/mag/Workstation/Crap/gitwork/Datapacks/Bartering Queue/README.md [365ms]
[2022-06-02T03:45:47.742Z] > git status -z -uall [30ms]
[2022-06-02T03:45:47.783Z] > git symbolic-ref --short HEAD [10ms]
[2022-06-02T03:45:47.896Z] > git for-each-ref --format=%(refname)%00%(upstream:short)%00%(objectname)%00%(upstream:track)%00%(upstream:remotename)%00%(upstream:remoteref) refs/heads/master refs/remotes/master [82ms]
[2022-06-02T03:45:47.926Z] > git remote --verbose [5ms]
[2022-06-02T03:45:47.996Z] > git for-each-ref --sort -committerdate --format %(refname) %(objectname) %(*objectname) [86ms]
[2022-06-02T03:45:48.020Z] > git config --get commit.template [3ms]
[2022-06-02T03:45:49.966Z] > git status -z -uall [13ms]
[2022-06-02T03:45:49.985Z] > git symbolic-ref --short HEAD [2ms]
[2022-06-02T03:45:50.000Z] > git for-each-ref --format=%(refname)%00%(upstream:short)%00%(objectname)%00%(upstream:track)%00%(upstream:remotename)%00%(upstream:remoteref) refs/heads/master refs/remotes/master [4ms]
[2022-06-02T03:45:50.020Z] > git remote --verbose [1ms]
[2022-06-02T03:45:50.021Z] > git for-each-ref --sort -committerdate --format %(refname) %(objectname) %(*objectname) [10ms]
[2022-06-02T03:45:50.031Z] > git config --get commit.template [1ms]
[2022-06-02T03:45:50.773Z] > git show --textconv :README.md [28ms]
[2022-06-02T03:45:50.873Z] > git ls-files --stage -- /home/mag/Workstation/Crap/gitwork/Datapacks/Bartering Queue/README.md [101ms]
[2022-06-02T03:45:50.885Z] > git cat-file -s 7a60d3fd9170a198d143b2eadc792ff43b502e95 [6ms]
[2022-06-02T03:47:10.574Z] > git status -z -uall [7ms]
[2022-06-02T03:47:10.621Z] > git symbolic-ref --short HEAD [2ms]
[2022-06-02T03:47:10.632Z] > git for-each-ref --format=%(refname)%00%(upstream:short)%00%(objectname)%00%(upstream:track)%00%(upstream:remotename)%00%(upstream:remoteref) refs/heads/master refs/remotes/master [2ms]
[2022-06-02T03:47:10.651Z] > git for-each-ref --sort -committerdate --format %(refname) %(objectname) %(*objectname) [9ms]
[2022-06-02T03:47:10.656Z] > git remote --verbose [7ms]
[2022-06-02T03:47:10.679Z] > git config --get commit.template [4ms]
[2022-06-02T03:47:10.707Z] > git ls-files --stage -- /home/mag/Workstation/Crap/gitwork/Datapacks/Bartering Queue/README.md [3ms]
[2022-06-02T03:47:10.722Z] > git cat-file -s c46a5bff76aec2bccc7ffc5ae8ac4a6bed57d42c [2ms]
[2022-06-02T03:47:10.740Z] > git show --textconv :README.md [2ms]
[2022-06-02T03:47:15.706Z] > git status -z -uall [9ms]
[2022-06-02T03:47:15.726Z] > git symbolic-ref --short HEAD [5ms]
[2022-06-02T03:47:15.748Z] > git for-each-ref --format=%(refname)%00%(upstream:short)%00%(objectname)%00%(upstream:track)%00%(upstream:remotename)%00%(upstream:remoteref) refs/heads/master refs/remotes/master [6ms]
[2022-06-02T03:47:15.771Z] > git for-each-ref --sort -committerdate --format %(refname) %(objectname) %(*objectname) [11ms]
[2022-06-02T03:47:15.772Z] > git remote --verbose [2ms]
[2022-06-02T03:47:15.783Z] > git config --get commit.template [2ms]
