[2022-06-23 12:30:01.461] [exthost] [info] Extension host with pid 3224116 started
[2022-06-23 12:30:01.461] [exthost] [info] Skipping acquiring lock for /home/mag/.config/Code - OSS/User/workspaceStorage/2ba5995fbd8cbadc8b84b421bb2976b6.
[2022-06-23 12:30:02.521] [exthost] [info] ExtensionService#_doActivateExtension SPGoding.datapack-language-server, startup: false, activationEvent: 'onLanguage:mcfunction'
[2022-06-23 12:30:02.693] [exthost] [info] ExtensionService#_doActivateExtension vscode.debug-auto-launch, startup: true, activationEvent: '*'
[2022-06-23 12:30:02.706] [exthost] [info] ExtensionService#_doActivateExtension vscode.git-base, startup: true, activationEvent: '*', root cause: vscode.git
[2022-06-23 12:30:02.736] [exthost] [info] ExtensionService#_doActivateExtension vscode.ipynb, startup: true, activationEvent: '*'
[2022-06-23 12:30:02.755] [exthost] [info] ExtensionService#_doActivateExtension cweijan.git-history-plus, startup: true, activationEvent: '*'
[2022-06-23 12:30:02.872] [exthost] [info] ExtensionService#_doActivateExtension dlasagno.wal-theme, startup: true, activationEvent: '*'
[2022-06-23 12:30:03.924] [exthost] [info] ExtensionService#_doActivateExtension vscode.git, startup: true, activationEvent: '*'
[2022-06-23 12:30:03.976] [exthost] [info] ExtensionService#_doActivateExtension vscode.github, startup: true, activationEvent: '*'
[2022-06-23 12:30:04.234] [exthost] [info] Eager extensions activated
[2022-06-23 12:30:04.301] [exthost] [info] ExtensionService#_doActivateExtension vscode.emmet, startup: false, activationEvent: 'onStartupFinished'
[2022-06-23 12:30:04.326] [exthost] [info] ExtensionService#_doActivateExtension vscode.merge-conflict, startup: false, activationEvent: 'onStartupFinished'
[2022-06-23 12:30:04.336] [exthost] [info] ExtensionService#_doActivateExtension CoenraadS.bracket-pair-colorizer-2, startup: false, activationEvent: 'onStartupFinished'
[2022-06-23 12:30:04.586] [exthost] [info] ExtensionService#_doActivateExtension PKief.material-icon-theme, startup: false, activationEvent: 'onStartupFinished'
[2022-06-23 12:30:04.697] [exthost] [info] ExtensionService#_doActivateExtension unthrottled.doki-theme, startup: false, activationEvent: 'onStartupFinished'
[2022-06-23 12:30:25.265] [exthost] [info] Extension host terminating: received terminate message from renderer
[2022-06-23 12:30:25.334] [exthost] [info] Extension host with pid 3224116 exiting with code 0
[2022-06-23 12:30:30.394] [exthost] [info] Extension host with pid 3248840 started
[2022-06-23 12:30:30.394] [exthost] [info] Skipping acquiring lock for /home/mag/.config/Code - OSS/User/workspaceStorage/6996b2dd85947f6d8b48919f9b9426e6.
[2022-06-23 12:30:30.911] [exthost] [info] ExtensionService#_doActivateExtension vscode.extension-editing, startup: false, activationEvent: 'onLanguage:markdown'
[2022-06-23 12:30:30.924] [exthost] [info] ExtensionService#_doActivateExtension vscode.markdown-language-features, startup: false, activationEvent: 'onLanguage:markdown'
[2022-06-23 12:30:31.155] [exthost] [info] ExtensionService#_doActivateExtension vscode.configuration-editing, startup: false, activationEvent: 'onLanguage:json'
[2022-06-23 12:30:31.167] [exthost] [info] ExtensionService#_doActivateExtension vscode.json-language-features, startup: false, activationEvent: 'onLanguage:json'
[2022-06-23 12:30:31.272] [exthost] [info] ExtensionService#_doActivateExtension vscode.npm, startup: false, activationEvent: 'onLanguage:json'
[2022-06-23 12:30:31.317] [exthost] [info] ExtensionService#_doActivateExtension BlockceptionLtd.blockceptionvscodeminecraftbedrockdevelopmentextension, startup: false, activationEvent: 'onLanguage:json'
[2022-06-23 12:30:31.427] [exthost] [info] ExtensionService#_doActivateExtension vscode.debug-auto-launch, startup: true, activationEvent: '*'
[2022-06-23 12:30:31.446] [exthost] [info] ExtensionService#_doActivateExtension vscode.git-base, startup: true, activationEvent: '*', root cause: vscode.git
[2022-06-23 12:30:31.460] [exthost] [info] ExtensionService#_doActivateExtension vscode.ipynb, startup: true, activationEvent: '*'
[2022-06-23 12:30:31.479] [exthost] [info] ExtensionService#_doActivateExtension cweijan.git-history-plus, startup: true, activationEvent: '*'
[2022-06-23 12:30:31.745] [exthost] [info] ExtensionService#_doActivateExtension dlasagno.wal-theme, startup: true, activationEvent: '*'
[2022-06-23 12:30:32.982] [exthost] [info] ExtensionService#_doActivateExtension vscode.git, startup: true, activationEvent: '*'
[2022-06-23 12:30:33.026] [exthost] [info] ExtensionService#_doActivateExtension vscode.github, startup: true, activationEvent: '*'
[2022-06-23 12:30:33.051] [exthost] [info] ExtensionService#_doActivateExtension SPGoding.datapack-language-server, startup: true, activationEvent: 'workspaceContains:**/pack.mcmeta'
[2022-06-23 12:30:33.347] [exthost] [info] Eager extensions activated
[2022-06-23 12:30:33.386] [exthost] [info] ExtensionService#_doActivateExtension vscode.emmet, startup: false, activationEvent: 'onStartupFinished'
[2022-06-23 12:30:33.409] [exthost] [info] ExtensionService#_doActivateExtension vscode.merge-conflict, startup: false, activationEvent: 'onStartupFinished'
[2022-06-23 12:30:33.415] [exthost] [info] ExtensionService#_doActivateExtension CoenraadS.bracket-pair-colorizer-2, startup: false, activationEvent: 'onStartupFinished'
[2022-06-23 12:30:33.832] [exthost] [info] ExtensionService#_doActivateExtension PKief.material-icon-theme, startup: false, activationEvent: 'onStartupFinished'
[2022-06-23 12:30:33.928] [exthost] [info] ExtensionService#_doActivateExtension unthrottled.doki-theme, startup: false, activationEvent: 'onStartupFinished'
[2022-06-23 13:26:49.796] [exthost] [warning] SPGoding.datapack-language-server - Code actions of kind 'quickfix 'requested but returned code action is of kind 'source.fixAll'. Code action will be dropped. Please check 'CodeActionContext.only' to only return requested code actions.
[2022-06-23 13:26:49.800] [exthost] [warning] SPGoding.datapack-language-server - Code actions of kind 'quickfix 'requested but returned code action is of kind 'source.fixAll'. Code action will be dropped. Please check 'CodeActionContext.only' to only return requested code actions.
[2022-06-23 13:37:39.353] [exthost] [info] Extension host terminating: received terminate message from renderer
[2022-06-23 13:37:39.694] [exthost] [info] Extension host with pid 3248840 exiting with code 0
