[2022-06-23T07:00:33.181Z] Log level: Info
[2022-06-23T07:00:33.182Z] [info] Validating found git in: git
[2022-06-23T07:00:33.322Z] [info] Using git 2.36.1 from git
[2022-06-23T07:00:34.240Z] > git rev-parse --show-toplevel [896ms]
[2022-06-23T07:00:34.447Z] > git rev-parse --git-dir --git-common-dir [176ms]
[2022-06-23T07:00:34.456Z] [info] Open repository: /home/mag/Workstation/Crap/gitwork/Datapacks/Bartering Queue
[2022-06-23T07:00:34.686Z] > git status -z -uall [206ms]
[2022-06-23T07:00:34.715Z] > git symbolic-ref --short HEAD [10ms]
[2022-06-23T07:00:34.947Z] > git ls-files --stage -- /home/mag/Workstation/Crap/gitwork/Datapacks/Bartering Queue/pack.mcmeta [2ms]
[2022-06-23T07:00:34.960Z] > git for-each-ref --format=%(refname)%00%(upstream:short)%00%(objectname)%00%(upstream:track)%00%(upstream:remotename)%00%(upstream:remoteref) refs/heads/master refs/remotes/master [234ms]
[2022-06-23T07:00:34.995Z] > git remote --verbose [8ms]
[2022-06-23T07:00:35.252Z] > git show --textconv :pack.mcmeta [320ms]
[2022-06-23T07:00:35.253Z] > git cat-file -s 8f1ce6fe3a830756fb95c72fe52e07f0263afc57 [295ms]
[2022-06-23T07:00:35.318Z] > git check-ignore -v -z --stdin [3ms]
[2022-06-23T07:00:35.564Z] > git for-each-ref --sort -committerdate --format %(refname) %(objectname) %(*objectname) [589ms]
[2022-06-23T07:00:35.586Z] > git config --get commit.template [2ms]
[2022-06-23T07:00:37.435Z] > git show --textconv :data/minecraft/loot_tables/gameplay/piglin_bartering.json [72ms]
[2022-06-23T07:00:37.439Z] > git ls-files --stage -- /home/mag/Workstation/Crap/gitwork/Datapacks/Bartering Queue/data/minecraft/loot_tables/gameplay/piglin_bartering.json [18ms]
[2022-06-23T07:00:37.483Z] > git cat-file -s 7831dedb08576b1a55cd13132f84955ab8aea458 [13ms]
[2022-06-23T07:08:10.096Z] > git ls-files --stage -- /home/mag/Workstation/Crap/gitwork/Datapacks/Bartering Queue/pack.mcmeta [161ms]
[2022-06-23T07:08:10.520Z] > git cat-file -s 8f1ce6fe3a830756fb95c72fe52e07f0263afc57 [403ms]
[2022-06-23T07:08:10.541Z] > git show --textconv :pack.mcmeta [624ms]
[2022-06-23T07:20:17.453Z] > git check-ignore -v -z --stdin [180ms]
[2022-06-23T07:23:38.602Z] > git check-ignore -v -z --stdin [276ms]
[2022-06-23T07:23:54.494Z] > git check-ignore -v -z --stdin [1ms]
[2022-06-23T07:37:45.383Z] > git ls-files --stage -- /home/mag/Workstation/Crap/gitwork/Datapacks/Bartering Queue/data/minecraft/tags/functions/load.json [3ms]
[2022-06-23T07:37:45.681Z] > git cat-file -s f851a36a03d5cc6a6ad13706a5fe336bf0253dcd [271ms]
[2022-06-23T07:37:45.686Z] > git show --textconv :data/minecraft/tags/functions/load.json [350ms]
[2022-06-23T07:38:11.407Z] > git ls-files --stage -- /home/mag/Workstation/Crap/gitwork/Datapacks/Bartering Queue/data/minecraft/tags/functions/tick.json [4ms]
[2022-06-23T07:38:11.479Z] > git show --textconv :data/minecraft/tags/functions/tick.json [92ms]
[2022-06-23T07:38:11.507Z] > git cat-file -s 56775ed6c59da83fa507053b77706c74bacec54a [31ms]
[2022-06-23T07:38:26.876Z] > git check-ignore -v -z --stdin [27ms]
[2022-06-23T07:38:28.389Z] > git ls-files --stage -- /home/mag/Workstation/Crap/gitwork/Datapacks/Bartering Queue/data/test/predicates/piglin_offhand_gold.json [4ms]
[2022-06-23T07:38:28.428Z] > git show --textconv :data/test/predicates/piglin_offhand_gold.json [59ms]
[2022-06-23T07:38:28.429Z] > git cat-file -s 544a4fd20d3f247ae451083247a09fcb0d629814 [22ms]
[2022-06-23T07:44:02.376Z] > git check-ignore -v -z --stdin [172ms]
[2022-06-23T07:56:41.817Z] > git checkout -q dev-1.16.1 [1347ms]
[2022-06-23T07:56:41.838Z] > git status -z -uall [5ms]
[2022-06-23T07:56:41.853Z] > git symbolic-ref --short HEAD [3ms]
[2022-06-23T07:56:41.935Z] > git for-each-ref --format=%(refname)%00%(upstream:short)%00%(objectname)%00%(upstream:track)%00%(upstream:remotename)%00%(upstream:remoteref) refs/heads/dev-1.16.1 refs/remotes/dev-1.16.1 [65ms]
[2022-06-23T07:56:41.986Z] > git remote --verbose [17ms]
[2022-06-23T07:56:42.079Z] > git for-each-ref --sort -committerdate --format %(refname) %(objectname) %(*objectname) [130ms]
[2022-06-23T07:56:42.101Z] > git config --get commit.template [0ms]
[2022-06-23T07:56:43.057Z] > git ls-files --stage -- /home/mag/Workstation/Crap/gitwork/Datapacks/Bartering Queue/data/test/predicates/piglin_offhand_gold.json [3ms]
[2022-06-23T07:56:43.117Z] > git cat-file -s 544a4fd20d3f247ae451083247a09fcb0d629814 [50ms]
[2022-06-23T07:56:43.138Z] > git show --textconv :data/test/predicates/piglin_offhand_gold.json [3ms]
[2022-06-23T07:56:44.090Z] > git check-ignore -v -z --stdin [6ms]
[2022-06-23T07:56:46.479Z] > git show --textconv :pack.mcmeta [13ms]
[2022-06-23T07:56:46.480Z] > git ls-files --stage -- /home/mag/Workstation/Crap/gitwork/Datapacks/Bartering Queue/pack.mcmeta [1ms]
[2022-06-23T07:56:46.499Z] > git cat-file -s beaed01f5bfd22bdcfea09547c319fcb838c64d1 [4ms]
[2022-06-23T07:58:28.506Z] > git checkout -q dev [1653ms]
[2022-06-23T07:58:28.526Z] > git status -z -uall [8ms]
[2022-06-23T07:58:28.546Z] > git symbolic-ref --short HEAD [4ms]
[2022-06-23T07:58:28.639Z] > git for-each-ref --format=%(refname)%00%(upstream:short)%00%(objectname)%00%(upstream:track)%00%(upstream:remotename)%00%(upstream:remoteref) refs/heads/dev refs/remotes/dev [64ms]
[2022-06-23T07:58:28.668Z] > git remote --verbose [4ms]
[2022-06-23T07:58:28.780Z] > git for-each-ref --sort -committerdate --format %(refname) %(objectname) %(*objectname) [125ms]
[2022-06-23T07:58:28.806Z] > git config --get commit.template [4ms]
[2022-06-23T07:58:29.726Z] > git ls-files --stage -- /home/mag/Workstation/Crap/gitwork/Datapacks/Bartering Queue/pack.mcmeta [2ms]
[2022-06-23T07:58:29.739Z] > git cat-file -s 8f1ce6fe3a830756fb95c72fe52e07f0263afc57 [1ms]
[2022-06-23T07:58:29.756Z] > git show --textconv :pack.mcmeta [2ms]
