starting minecraft server
Initializing minecraft server
Initialized minecraft server
[Info  - 12:30:34 PM] Traversing starting...
[Info  - 12:30:34 PM] Reseting database
[Info  - 12:30:34 PM] Traversing workspace: /home/mag/Workstation/Crap/gitwork/Datapacks/Bartering Queue
[Info  - 12:30:35 PM] Traversing complete
Semantic tokens: pack | json
[Info  - 12:30:35 PM] Diagnostics completed
[Info  - 12:30:35 PM] Took: 30:1:68 for 0 items
Semantic tokens: pack | json
Semantic tokens: piglin_bartering | json
Semantic tokens: piglin_bartering | json
Semantic tokens: piglin_bartering | json
Semantic tokens: piglin_bartering | json
Semantic tokens: pack | json
Semantic tokens: pack | json
Semantic tokens: load | json
Semantic tokens: load | json
Semantic tokens: tick | json
Semantic tokens: piglin_offhand_gold | json
Semantic tokens: pack | json
Semantic tokens: pack | json
shutting down minecraft server
