[2022-06-10 17:02:18.526] [exthost] [info] Extension host with pid 23785 started
[2022-06-10 17:02:18.527] [exthost] [info] Skipping acquiring lock for /home/mag/.config/Code - OSS/User/workspaceStorage/2ba5995fbd8cbadc8b84b421bb2976b6.
[2022-06-10 17:02:18.851] [exthost] [info] ExtensionService#_doActivateExtension vscode.configuration-editing, startup: false, activationEvent: 'onLanguage:json'
[2022-06-10 17:02:18.865] [exthost] [info] ExtensionService#_doActivateExtension vscode.extension-editing, startup: false, activationEvent: 'onLanguage:json'
[2022-06-10 17:02:18.891] [exthost] [info] ExtensionService#_doActivateExtension vscode.json-language-features, startup: false, activationEvent: 'onLanguage:json'
[2022-06-10 17:02:18.965] [exthost] [info] ExtensionService#_doActivateExtension vscode.npm, startup: false, activationEvent: 'onLanguage:json'
[2022-06-10 17:02:19.005] [exthost] [info] ExtensionService#_doActivateExtension BlockceptionLtd.blockceptionvscodeminecraftbedrockdevelopmentextension, startup: false, activationEvent: 'onLanguage:json'
[2022-06-10 17:02:19.055] [exthost] [info] ExtensionService#_doActivateExtension SPGoding.datapack-language-server, startup: false, activationEvent: 'onLanguage:mcfunction'
[2022-06-10 17:02:19.109] [exthost] [info] ExtensionService#_doActivateExtension vscode.debug-auto-launch, startup: true, activationEvent: '*'
[2022-06-10 17:02:19.115] [exthost] [info] ExtensionService#_doActivateExtension vscode.git-base, startup: true, activationEvent: '*', root cause: vscode.git
[2022-06-10 17:02:19.128] [exthost] [info] ExtensionService#_doActivateExtension vscode.ipynb, startup: true, activationEvent: '*'
[2022-06-10 17:02:19.141] [exthost] [info] ExtensionService#_doActivateExtension cweijan.git-history-plus, startup: true, activationEvent: '*'
[2022-06-10 17:02:19.267] [exthost] [info] ExtensionService#_doActivateExtension dlasagno.wal-theme, startup: true, activationEvent: '*'
[2022-06-10 17:02:20.737] [exthost] [info] ExtensionService#_doActivateExtension vscode.git, startup: true, activationEvent: '*'
[2022-06-10 17:02:20.858] [exthost] [info] ExtensionService#_doActivateExtension vscode.github, startup: true, activationEvent: '*'
[2022-06-10 17:02:21.012] [exthost] [info] Eager extensions activated
[2022-06-10 17:02:21.037] [exthost] [info] ExtensionService#_doActivateExtension vscode.emmet, startup: false, activationEvent: 'onStartupFinished'
[2022-06-10 17:02:21.064] [exthost] [info] ExtensionService#_doActivateExtension vscode.merge-conflict, startup: false, activationEvent: 'onStartupFinished'
[2022-06-10 17:02:21.074] [exthost] [info] ExtensionService#_doActivateExtension CoenraadS.bracket-pair-colorizer-2, startup: false, activationEvent: 'onStartupFinished'
[2022-06-10 17:02:21.368] [exthost] [info] ExtensionService#_doActivateExtension PKief.material-icon-theme, startup: false, activationEvent: 'onStartupFinished'
[2022-06-10 17:02:21.523] [exthost] [info] ExtensionService#_doActivateExtension unthrottled.doki-theme, startup: false, activationEvent: 'onStartupFinished'
[2022-06-10 19:02:21.711] [exthost] [info] Extension host terminating: renderer closed the socket
[2022-06-10 19:02:21.864] [exthost] [info] Extension host with pid 23785 exiting with code 0
