[2022-06-10T11:32:20.927Z] Validating found git in: git
[2022-06-10T11:32:21.000Z] Using git 2.36.1 from git
[2022-06-10T11:32:22.093Z] > git rev-parse --show-toplevel [1082ms]
[2022-06-10T11:32:22.093Z] fatal: not a git repository (or any parent up to mount point /)
Stopping at filesystem boundary (GIT_DISCOVERY_ACROSS_FILESYSTEM not set).
[2022-06-10T11:32:22.127Z] > git rev-parse --show-toplevel [16ms]
[2022-06-10T11:32:22.127Z] fatal: not a git repository (or any parent up to mount point /)
Stopping at filesystem boundary (GIT_DISCOVERY_ACROSS_FILESYSTEM not set).
[2022-06-10T11:32:22.162Z] > git rev-parse --show-toplevel [20ms]
[2022-06-10T11:32:22.162Z] fatal: not a git repository (or any parent up to mount point /)
Stopping at filesystem boundary (GIT_DISCOVERY_ACROSS_FILESYSTEM not set).
[2022-06-10T11:32:25.193Z] > git rev-parse --show-toplevel [27ms]
[2022-06-10T11:32:25.193Z] fatal: not a git repository (or any parent up to mount point /)
Stopping at filesystem boundary (GIT_DISCOVERY_ACROSS_FILESYSTEM not set).
[2022-06-10T11:32:25.448Z] > git rev-parse --show-toplevel [12ms]
[2022-06-10T11:32:25.448Z] fatal: not a git repository (or any parent up to mount point /)
Stopping at filesystem boundary (GIT_DISCOVERY_ACROSS_FILESYSTEM not set).
[2022-06-10T11:32:26.443Z] > git rev-parse --show-toplevel [7ms]
[2022-06-10T11:32:26.443Z] fatal: not a git repository (or any parent up to mount point /)
Stopping at filesystem boundary (GIT_DISCOVERY_ACROSS_FILESYSTEM not set).
[2022-06-10T11:32:34.315Z] > git rev-parse --show-toplevel [5ms]
[2022-06-10T11:32:34.315Z] fatal: not a git repository (or any parent up to mount point /)
Stopping at filesystem boundary (GIT_DISCOVERY_ACROSS_FILESYSTEM not set).
[2022-06-10T11:32:38.760Z] > git rev-parse --show-toplevel [2ms]
[2022-06-10T11:32:38.760Z] fatal: not a git repository (or any parent up to mount point /)
Stopping at filesystem boundary (GIT_DISCOVERY_ACROSS_FILESYSTEM not set).
[2022-06-10T11:32:39.606Z] > git rev-parse --show-toplevel [11ms]
[2022-06-10T11:32:39.606Z] fatal: not a git repository (or any parent up to mount point /)
Stopping at filesystem boundary (GIT_DISCOVERY_ACROSS_FILESYSTEM not set).
[2022-06-10T11:32:40.254Z] > git rev-parse --show-toplevel [6ms]
[2022-06-10T11:32:40.254Z] fatal: not a git repository (or any parent up to mount point /)
Stopping at filesystem boundary (GIT_DISCOVERY_ACROSS_FILESYSTEM not set).
[2022-06-10T11:32:41.695Z] > git rev-parse --show-toplevel [4ms]
[2022-06-10T11:32:41.695Z] fatal: not a git repository (or any parent up to mount point /)
Stopping at filesystem boundary (GIT_DISCOVERY_ACROSS_FILESYSTEM not set).
[2022-06-10T11:33:06.483Z] > git rev-parse --show-toplevel [35ms]
[2022-06-10T11:33:06.483Z] fatal: not a git repository (or any parent up to mount point /)
Stopping at filesystem boundary (GIT_DISCOVERY_ACROSS_FILESYSTEM not set).
[2022-06-10T11:37:28.774Z] > git rev-parse --show-toplevel [42ms]
[2022-06-10T11:37:28.774Z] fatal: not a git repository (or any parent up to mount point /)
Stopping at filesystem boundary (GIT_DISCOVERY_ACROSS_FILESYSTEM not set).
[2022-06-10T11:37:52.846Z] > git rev-parse --show-toplevel [25ms]
[2022-06-10T11:37:52.846Z] fatal: not a git repository (or any parent up to mount point /)
Stopping at filesystem boundary (GIT_DISCOVERY_ACROSS_FILESYSTEM not set).
[2022-06-10T11:38:02.966Z] > git rev-parse --show-toplevel [12ms]
[2022-06-10T11:38:02.966Z] fatal: not a git repository (or any parent up to mount point /)
Stopping at filesystem boundary (GIT_DISCOVERY_ACROSS_FILESYSTEM not set).
[2022-06-10T11:42:12.665Z] > git rev-parse --show-toplevel [59ms]
[2022-06-10T11:42:12.666Z] fatal: not a git repository (or any parent up to mount point /)
Stopping at filesystem boundary (GIT_DISCOVERY_ACROSS_FILESYSTEM not set).
[2022-06-10T11:42:15.540Z] > git rev-parse --show-toplevel [20ms]
[2022-06-10T11:42:15.540Z] fatal: not a git repository (or any parent up to mount point /)
Stopping at filesystem boundary (GIT_DISCOVERY_ACROSS_FILESYSTEM not set).
[2022-06-10T11:42:28.495Z] > git rev-parse --show-toplevel [11ms]
[2022-06-10T11:42:28.495Z] fatal: not a git repository (or any parent up to mount point /)
Stopping at filesystem boundary (GIT_DISCOVERY_ACROSS_FILESYSTEM not set).
[2022-06-10T11:42:29.781Z] > git rev-parse --show-toplevel [13ms]
[2022-06-10T11:42:29.781Z] fatal: not a git repository (or any parent up to mount point /)
Stopping at filesystem boundary (GIT_DISCOVERY_ACROSS_FILESYSTEM not set).
[2022-06-10T11:45:48.102Z] > git rev-parse --show-toplevel [80ms]
[2022-06-10T11:45:48.103Z] fatal: not a git repository (or any parent up to mount point /)
Stopping at filesystem boundary (GIT_DISCOVERY_ACROSS_FILESYSTEM not set).
[2022-06-10T12:06:28.454Z] > git rev-parse --show-toplevel [113ms]
[2022-06-10T12:06:28.455Z] fatal: not a git repository (or any parent up to mount point /)
Stopping at filesystem boundary (GIT_DISCOVERY_ACROSS_FILESYSTEM not set).
[2022-06-10T12:06:28.944Z] > git rev-parse --show-toplevel [10ms]
[2022-06-10T12:06:28.944Z] fatal: not a git repository (or any parent up to mount point /)
Stopping at filesystem boundary (GIT_DISCOVERY_ACROSS_FILESYSTEM not set).
[2022-06-10T12:06:31.307Z] > git rev-parse --show-toplevel [7ms]
[2022-06-10T12:06:31.307Z] fatal: not a git repository (or any parent up to mount point /)
Stopping at filesystem boundary (GIT_DISCOVERY_ACROSS_FILESYSTEM not set).
[2022-06-10T13:16:30.930Z] > git rev-parse --show-toplevel [43ms]
[2022-06-10T13:16:30.931Z] fatal: not a git repository (or any parent up to mount point /)
Stopping at filesystem boundary (GIT_DISCOVERY_ACROSS_FILESYSTEM not set).
[2022-06-10T13:17:12.462Z] > git rev-parse --show-toplevel [42ms]
[2022-06-10T13:17:12.462Z] fatal: not a git repository (or any parent up to mount point /)
Stopping at filesystem boundary (GIT_DISCOVERY_ACROSS_FILESYSTEM not set).
[2022-06-10T13:18:00.454Z] > git rev-parse --show-toplevel [9ms]
[2022-06-10T13:18:00.454Z] fatal: not a git repository (or any parent up to mount point /)
Stopping at filesystem boundary (GIT_DISCOVERY_ACROSS_FILESYSTEM not set).
[2022-06-10T13:20:04.204Z] > git rev-parse --show-toplevel [9ms]
[2022-06-10T13:20:04.204Z] fatal: not a git repository (or any parent up to mount point /)
Stopping at filesystem boundary (GIT_DISCOVERY_ACROSS_FILESYSTEM not set).
