[2022-06-02 09:03:59.996] [main] [info] window#load: attempt to load window (id: 1)
[2022-06-02 09:04:00.274] [main] [info] update#ctor - updates are disabled as there is no update URL
[2022-06-02 09:04:00.451] [main] [info] ExtensionHostStarterWorker created
[2022-06-02 09:04:02.669] [main] [info] window#load: window reported ready (id: 1)
[2022-06-02 09:04:02.934] [main] [info] Starting extension host with pid 44101 (fork() took 45 ms).
[2022-06-02 09:04:03.004] [main] [info] ExtensionHostStarterWorker.start() took 120 ms.
[2022-06-02 09:04:54.015] [main] [info] window#load: attempt to load window (id: 1)
[2022-06-02 09:04:54.110] [main] [info] Extension host with pid 44101 exited with code: 0, signal: null.
[2022-06-02 09:04:55.193] [main] [info] window#load: window reported ready (id: 1)
[2022-06-02 09:04:55.429] [main] [info] Starting extension host with pid 47516 (fork() took 19 ms).
[2022-06-02 09:04:55.430] [main] [info] ExtensionHostStarterWorker.start() took 22 ms.
[2022-06-02 09:05:08.032] [main] [info] window#load: attempt to load window (id: 1)
[2022-06-02 09:05:08.035] [main] [info] Extension host with pid 47516 exited with code: 0, signal: null.
[2022-06-02 09:05:08.909] [main] [info] window#load: window reported ready (id: 1)
[2022-06-02 09:05:09.252] [main] [info] Starting extension host with pid 48469 (fork() took 27 ms).
[2022-06-02 09:05:09.253] [main] [info] ExtensionHostStarterWorker.start() took 31 ms.
[2022-06-02 09:17:27.082] [main] [info] Waiting for extension host with pid 48469 to exit.
[2022-06-02 09:17:27.509] [main] [info] Extension host with pid 48469 exited with code: 0, signal: null.
[2022-06-02 09:17:27.808] [main] [warning] [storage main] detected slow close() operation: Time: 809ms, DB size: 20480b, Large Keys: __$__targetStorageMarker:880, workbench.view.debug.state:528, workbench.explorer.views.state:500, terminal.integrated.environmentVariableCollections:457, memento/workbench.parts.editor:297
[2022-06-02 09:17:27.809] [main] [warning] [storage main] detected slow close() operation: Time: 811ms, DB size: 65536b, Large Keys: terminal.integrated.bufferState:11407, memento/workbench.editors.files.textFileEditor:4337, memento/workbench.parts.editor:3873, __$__targetStorageMarker:1794, workbench.view.extensions.state:1779
[2022-06-02 09:17:28.253] [main] [warning] [storage main] detected slow close() operation: Time: 1257ms, DB size: 69632b, Large Keys: memento/workbench.editors.files.textFileEditor:16117, terminal.integrated.bufferState:4982, history.entries:4507, codelens/cache2:2922, __$__targetStorageMarker:1870
[2022-06-02 09:17:28.358] [main] [warning] [storage main] detected slow close() operation: Time: 1362ms, DB size: 434176b, Large Keys: iconThemeData:88484, colorThemeData:12800, workbench.activity.placeholderViewlets:3124, __$__targetStorageMarker:2259, workbench.view.extensions.state.hidden:1594
