[2022-06-08 12:09:34.153] [main] [info] window#load: attempt to load window (id: 1)
[2022-06-08 12:09:34.217] [main] [info] update#ctor - updates are disabled as there is no update URL
[2022-06-08 12:09:34.348] [main] [info] ExtensionHostStarterWorker created
[2022-06-08 12:09:36.167] [main] [info] window#load: window reported ready (id: 1)
[2022-06-08 12:09:36.374] [main] [info] Starting extension host with pid 245586 (fork() took 27 ms).
[2022-06-08 12:09:36.374] [main] [info] ExtensionHostStarterWorker.start() took 30 ms.
[2022-06-08 12:10:27.496] [main] [info] window#load: attempt to load window (id: 1)
[2022-06-08 12:10:27.579] [main] [info] Extension host with pid 245586 exited with code: 0, signal: null.
[2022-06-08 12:10:28.616] [main] [info] window#load: window reported ready (id: 1)
[2022-06-08 12:10:28.873] [main] [info] Starting extension host with pid 249031 (fork() took 34 ms).
[2022-06-08 12:10:28.873] [main] [info] ExtensionHostStarterWorker.start() took 36 ms.
[2022-06-08 12:10:38.397] [main] [info] window#load: attempt to load window (id: 1)
[2022-06-08 12:10:38.426] [main] [info] Extension host with pid 249031 exited with code: 0, signal: null.
[2022-06-08 12:10:39.001] [main] [info] window#load: window reported ready (id: 1)
[2022-06-08 12:10:39.139] [main] [info] Starting extension host with pid 249705 (fork() took 20 ms).
[2022-06-08 12:10:39.139] [main] [info] ExtensionHostStarterWorker.start() took 21 ms.
[2022-06-08 13:04:11.996] [main] [info] Waiting for extension host with pid 249705 to exit.
[2022-06-08 13:04:12.376] [main] [warning] [storage main] detected slow close() operation: Time: 416ms, DB size: 49152b, Large Keys: memento/workbench.editors.files.textFileEditor:8307, memento/workbench.parts.editor:3945, history.entries:3048, codelens/cache2:2626, __$__targetStorageMarker:1136
[2022-06-08 13:04:12.394] [main] [warning] [storage main] detected slow close() operation: Time: 462ms, DB size: 434176b, Large Keys: iconThemeData:88484, colorThemeData:12800, workbench.activity.placeholderViewlets:3124, __$__targetStorageMarker:2310, workbench.view.extensions.state.hidden:1594
[2022-06-08 13:04:12.502] [main] [info] Extension host with pid 249705 exited with code: 0, signal: null.
