[2022-06-08 12:09:39.425] [sharedprocess] [info] Starting worker process with pid 245829 (type: fileWatcher, window: 1).
[2022-06-08 12:09:39.947] [sharedprocess] [info] Deleted from disk vscjava.vscode-java-debug /home/mag/.vscode-oss/extensions/vscjava.vscode-java-debug-0.40.1
[2022-06-08 12:09:39.994] [sharedprocess] [info] Deleted from disk redhat.java /home/mag/.vscode-oss/extensions/redhat.java-1.6.0
[2022-06-08 12:09:40.069] [sharedprocess] [info] Deleted from disk vscjava.vscode-maven /home/mag/.vscode-oss/extensions/vscjava.vscode-maven-0.35.1
[2022-06-08 12:09:43.796] [sharedprocess] [info] Getting Manifest... gulajavaministudio.mayukaithemevsc
[2022-06-08 12:09:43.797] [sharedprocess] [info] Getting Manifest... pkief.material-icon-theme
[2022-06-08 12:09:43.797] [sharedprocess] [info] Getting Manifest... spgoding.datapack-language-server
[2022-06-08 12:09:43.799] [sharedprocess] [info] Getting Manifest... vscjava.vscode-java-pack
[2022-06-08 12:09:46.050] [sharedprocess] [info] Installing extension: gulajavaministudio.mayukaithemevsc
[2022-06-08 12:09:46.120] [sharedprocess] [info] Installing extension: pkief.material-icon-theme
[2022-06-08 12:09:46.121] [sharedprocess] [info] Installing extension: vscjava.vscode-java-pack
[2022-06-08 12:09:46.731] [sharedprocess] [info] Installing extension: spgoding.datapack-language-server
[2022-06-08 12:09:49.500] [sharedprocess] [info] Downloaded extension: pkief.material-icon-theme /home/mag/.config/Code - OSS/CachedExtensionVSIXs/pkief.material-icon-theme-4.18.0
[2022-06-08 12:09:50.281] [sharedprocess] [info] Downloaded extension: spgoding.datapack-language-server /home/mag/.config/Code - OSS/CachedExtensionVSIXs/spgoding.datapack-language-server-3.3.32
[2022-06-08 12:09:50.405] [sharedprocess] [info] Downloaded extension: gulajavaministudio.mayukaithemevsc /home/mag/.config/Code - OSS/CachedExtensionVSIXs/gulajavaministudio.mayukaithemevsc-3.2.2
[2022-06-08 12:09:50.409] [sharedprocess] [info] Extracted extension to /home/mag/.vscode-oss/extensions/.5bb5d1d3-9fc4-40ac-ac12-ca01323b6e69: pkief.material-icon-theme
[2022-06-08 12:09:50.418] [sharedprocess] [info] Extracted extension to /home/mag/.vscode-oss/extensions/.483e73f6-1f6e-4717-93bc-eba5d78de1fb: spgoding.datapack-language-server
[2022-06-08 12:09:50.453] [sharedprocess] [info] Downloaded extension: vscjava.vscode-java-pack /home/mag/.config/Code - OSS/CachedExtensionVSIXs/vscjava.vscode-java-pack-0.23.0
[2022-06-08 12:09:50.560] [sharedprocess] [info] Renamed to /home/mag/.vscode-oss/extensions/spgoding.datapack-language-server-3.3.32
[2022-06-08 12:09:50.565] [sharedprocess] [info] Extracting completed. spgoding.datapack-language-server
[2022-06-08 12:09:50.584] [sharedprocess] [info] Renamed to /home/mag/.vscode-oss/extensions/pkief.material-icon-theme-4.18.0
[2022-06-08 12:09:50.589] [sharedprocess] [info] Extracting completed. pkief.material-icon-theme
[2022-06-08 12:09:50.608] [sharedprocess] [info] Extension installed successfully: spgoding.datapack-language-server
[2022-06-08 12:09:50.627] [sharedprocess] [info] Extracted extension to /home/mag/.vscode-oss/extensions/.73574ab3-70fd-43c9-8e2b-c999a8d94ad3: vscjava.vscode-java-pack
[2022-06-08 12:09:50.630] [sharedprocess] [info] Extension installed successfully: pkief.material-icon-theme
[2022-06-08 12:09:50.647] [sharedprocess] [info] Extracted extension to /home/mag/.vscode-oss/extensions/.6ac848c9-19e8-4d90-8550-4529fbafa5f3: gulajavaministudio.mayukaithemevsc
[2022-06-08 12:09:50.652] [sharedprocess] [info] Renamed to /home/mag/.vscode-oss/extensions/vscjava.vscode-java-pack-0.23.0
[2022-06-08 12:09:50.654] [sharedprocess] [info] Extracting completed. vscjava.vscode-java-pack
[2022-06-08 12:09:50.678] [sharedprocess] [info] Renamed to /home/mag/.vscode-oss/extensions/gulajavaministudio.mayukaithemevsc-3.2.2
[2022-06-08 12:09:50.683] [sharedprocess] [info] Extracting completed. gulajavaministudio.mayukaithemevsc
[2022-06-08 12:09:50.701] [sharedprocess] [info] Extension installed successfully: vscjava.vscode-java-pack
[2022-06-08 12:09:50.726] [sharedprocess] [info] Extension installed successfully: gulajavaministudio.mayukaithemevsc
[2022-06-08 12:10:27.506] [sharedprocess] [info] Worker process with pid 245829 terminated normally (type: fileWatcher, window: 1).
[2022-06-08 12:10:28.863] [sharedprocess] [info] Starting worker process with pid 249030 (type: fileWatcher, window: 1).
[2022-06-08 12:10:38.404] [sharedprocess] [info] Worker process with pid 249030 terminated normally (type: fileWatcher, window: 1).
[2022-06-08 12:10:39.709] [sharedprocess] [info] Starting worker process with pid 249753 (type: fileWatcher, window: 1).
