[2022-06-21 17:26:50.681] [exthost] [info] Extension host with pid 15921 started
[2022-06-21 17:26:50.681] [exthost] [info] Skipping acquiring lock for /home/mag/.config/Code - OSS/User/workspaceStorage/2ba5995fbd8cbadc8b84b421bb2976b6.
[2022-06-21 17:26:50.931] [exthost] [info] ExtensionService#_doActivateExtension SPGoding.datapack-language-server, startup: false, activationEvent: 'onLanguage:mcfunction'
[2022-06-21 17:26:50.987] [exthost] [info] ExtensionService#_doActivateExtension vscode.debug-auto-launch, startup: true, activationEvent: '*'
[2022-06-21 17:26:50.992] [exthost] [info] ExtensionService#_doActivateExtension vscode.git-base, startup: true, activationEvent: '*', root cause: vscode.git
[2022-06-21 17:26:50.998] [exthost] [info] ExtensionService#_doActivateExtension vscode.ipynb, startup: true, activationEvent: '*'
[2022-06-21 17:26:51.024] [exthost] [info] ExtensionService#_doActivateExtension cweijan.git-history-plus, startup: true, activationEvent: '*'
[2022-06-21 17:26:51.139] [exthost] [info] ExtensionService#_doActivateExtension dlasagno.wal-theme, startup: true, activationEvent: '*'
[2022-06-21 17:26:52.135] [exthost] [info] ExtensionService#_doActivateExtension vscode.git, startup: true, activationEvent: '*'
[2022-06-21 17:26:52.213] [exthost] [info] ExtensionService#_doActivateExtension vscode.github, startup: true, activationEvent: '*'
[2022-06-21 17:26:52.305] [exthost] [info] Eager extensions activated
[2022-06-21 17:26:52.332] [exthost] [info] ExtensionService#_doActivateExtension vscode.emmet, startup: false, activationEvent: 'onStartupFinished'
[2022-06-21 17:26:52.365] [exthost] [info] ExtensionService#_doActivateExtension vscode.merge-conflict, startup: false, activationEvent: 'onStartupFinished'
[2022-06-21 17:26:52.371] [exthost] [info] ExtensionService#_doActivateExtension CoenraadS.bracket-pair-colorizer-2, startup: false, activationEvent: 'onStartupFinished'
[2022-06-21 17:26:52.788] [exthost] [info] ExtensionService#_doActivateExtension PKief.material-icon-theme, startup: false, activationEvent: 'onStartupFinished'
[2022-06-21 17:26:52.842] [exthost] [info] ExtensionService#_doActivateExtension unthrottled.doki-theme, startup: false, activationEvent: 'onStartupFinished'
[2022-06-21 17:27:48.625] [exthost] [info] ExtensionService#_doActivateExtension vscode.configuration-editing, startup: false, activationEvent: 'onLanguage:json'
[2022-06-21 17:27:48.661] [exthost] [info] ExtensionService#_doActivateExtension vscode.extension-editing, startup: false, activationEvent: 'onLanguage:json'
[2022-06-21 17:27:48.710] [exthost] [info] ExtensionService#_doActivateExtension vscode.json-language-features, startup: false, activationEvent: 'onLanguage:json'
[2022-06-21 17:27:48.819] [exthost] [info] ExtensionService#_doActivateExtension vscode.npm, startup: false, activationEvent: 'onLanguage:json'
[2022-06-21 17:27:48.854] [exthost] [info] ExtensionService#_doActivateExtension BlockceptionLtd.blockceptionvscodeminecraftbedrockdevelopmentextension, startup: false, activationEvent: 'onLanguage:json'
[2022-06-21 18:37:19.470] [exthost] [info] Extension host terminating: received terminate message from renderer
[2022-06-21 18:37:19.626] [exthost] [error] Error: read ECONNRESET
	at Pipe.onStreamRead (node:internal/stream_base_commons:220:20)
[2022-06-21 18:37:19.666] [exthost] [info] Extension host with pid 15921 exiting with code 0
