[2022-05-28T04:21:17.424Z] Validating found git in: git
[2022-05-28T04:21:17.510Z] Using git 2.36.1 from git
[2022-05-28T04:21:17.585Z] > git rev-parse --show-toplevel [55ms]
[2022-05-28T04:21:17.611Z] > git rev-parse --git-dir --git-common-dir [4ms]
[2022-05-28T04:21:17.615Z] Open repository: /home/mag/Workstation/Crap/gitwork/Datapacks/RainCheck
[2022-05-28T04:21:19.310Z] > git status -z -uall [1685ms]
[2022-05-28T04:21:19.322Z] > git show --textconv :data/mag/functions/load.mcfunction [31ms]
[2022-05-28T04:21:19.323Z] > git ls-files --stage -- /home/mag/Workstation/Crap/gitwork/Datapacks/RainCheck/data/mag/functions/load.mcfunction [18ms]
[2022-05-28T04:21:19.353Z] > git symbolic-ref --short HEAD [32ms]
[2022-05-28T04:21:19.366Z] > git cat-file -s b4309123587e61faf7aef343c4542ba60eafa53e [25ms]
[2022-05-28T04:21:19.387Z] > git for-each-ref --format=%(refname)%00%(upstream:short)%00%(objectname)%00%(upstream:track)%00%(upstream:remotename)%00%(upstream:remoteref) refs/heads/master refs/remotes/master [22ms]
[2022-05-28T04:21:19.416Z] > git remote --verbose [2ms]
[2022-05-28T04:21:19.416Z] > git for-each-ref --sort -committerdate --format %(refname) %(objectname) %(*objectname) [15ms]
[2022-05-28T04:21:19.431Z] > git config --get commit.template [2ms]
[2022-05-28T04:21:19.582Z] > git check-ignore -v -z --stdin [1ms]
[2022-05-28T04:22:57.304Z] > git ls-files --stage -- /home/mag/Workstation/Crap/gitwork/Datapacks/RainCheck/pack.mcmeta [72ms]
[2022-05-28T04:22:57.368Z] > git show --textconv :pack.mcmeta [177ms]
[2022-05-28T04:22:57.390Z] > git cat-file -s 8f1ce6fe3a830756fb95c72fe52e07f0263afc57 [23ms]
[2022-05-28T04:22:59.210Z] > git ls-files --stage -- /home/mag/Workstation/Crap/gitwork/Datapacks/RainCheck/data/mag/functions/tick.mcfunction [9ms]
[2022-05-28T04:22:59.264Z] > git show --textconv :data/mag/functions/tick.mcfunction [78ms]
[2022-05-28T04:22:59.266Z] > git cat-file -s e601e1a946a7987cb274d64ebcb8607ce3dc03ca [33ms]
[2022-05-28T04:23:03.596Z] > git show --textconv :data/mag/functions/load.mcfunction [18ms]
[2022-05-28T04:23:03.600Z] > git ls-files --stage -- /home/mag/Workstation/Crap/gitwork/Datapacks/RainCheck/data/mag/functions/load.mcfunction [10ms]
[2022-05-28T04:23:03.635Z] > git cat-file -s b4309123587e61faf7aef343c4542ba60eafa53e [12ms]
[2022-05-28T04:23:08.736Z] > git show --textconv :data/mag/functions/thunder_check.mcfunction [27ms]
[2022-05-28T04:23:08.740Z] > git ls-files --stage -- /home/mag/Workstation/Crap/gitwork/Datapacks/RainCheck/data/mag/functions/thunder_check.mcfunction [8ms]
[2022-05-28T04:23:08.764Z] > git cat-file -s 25d0f3392a58bc9c8516d2d8586907d600e421ff [2ms]
[2022-05-28T04:23:09.474Z] > git show --textconv :data/mag/functions/rain_check.mcfunction [6ms]
[2022-05-28T04:23:09.475Z] > git ls-files --stage -- /home/mag/Workstation/Crap/gitwork/Datapacks/RainCheck/data/mag/functions/rain_check.mcfunction [2ms]
[2022-05-28T04:23:09.485Z] > git cat-file -s b550520967ac49b5cb7260955d125125507628e9 [1ms]
[2022-05-28T04:23:24.423Z] > git ls-files --stage -- /home/mag/Workstation/Crap/gitwork/Datapacks/RainCheck/data/mag/predicates/thunder.json [11ms]
[2022-05-28T04:23:24.441Z] > git show --textconv :data/mag/predicates/thunder.json [54ms]
[2022-05-28T04:23:24.446Z] > git cat-file -s 738167d55c532c15811f18c8042c2d1781855fa3 [11ms]
[2022-05-28T04:23:30.253Z] > git show --textconv :data/mag/predicates/rain.json [19ms]
[2022-05-28T04:23:30.257Z] > git ls-files --stage -- /home/mag/Workstation/Crap/gitwork/Datapacks/RainCheck/data/mag/predicates/rain.json [12ms]
[2022-05-28T04:23:30.276Z] > git cat-file -s 94dd4b72e8dfc211e8d2a4331815513afad4e5b3 [2ms]
[2022-05-28T04:23:32.309Z] > git show --textconv :pack.mcmeta [16ms]
[2022-05-28T04:23:32.310Z] > git ls-files --stage -- /home/mag/Workstation/Crap/gitwork/Datapacks/RainCheck/pack.mcmeta [4ms]
[2022-05-28T04:23:32.323Z] > git cat-file -s 8f1ce6fe3a830756fb95c72fe52e07f0263afc57 [2ms]
