[onInitialize] CacheVersion = 11
[onInitialize] ReleaseNotesVersion = 3.1.0
[onInitialize] globalStoragePath = /home/mag/.config/Code - OSS/User/globalStorage/spgoding.datapack-language-server
[onInitialize] cachePath = /home/mag/.config/Code - OSS/User/workspaceStorage/db4f8571679b459a449c581f7353521d/SPGoding.datapack-language-server/cache.json
[onInitialize] pluginsPath = /home/mag/.config/Code - OSS/User/globalStorage/spgoding.datapack-language-server/plugins
[PluginLoader] Registered “spgoding:doc_comment”
[PluginLoader] Registered “spgoding:mcfunction”
[PluginLoader] 6 ms
[LatestVersions] Fetching the latest versions...
[LatestVersions] versionInformation = {"latestRelease":"1.18.2","latestSnapshot":"1.19-pre3","processedVersions":["1.19-pre3","1.19-pre2","1.19-pre1","22w19a","22w18a","22w17a","22w16b","22w16a","22w15a","22w14a","22w13oneblockatatime","22w13a","22w12a","22w11a","1.18.2","1.18.2-rc1","1.18.2-pre3","1.18.2-pre2","1.18.2-pre1","22w07a","22w06a","22w05a","22w03a","1.18.1","1.18.1-rc3","1.18.1-rc2","1.18.1-rc1","1.18.1-pre1","1.18","1.18-rc4","1.18-rc3","1.18-rc2","1.18-rc1","1.18-pre8","1.18-pre7","1.18-pre6","1.18-pre5","1.18-pre4","1.18-pre3","1.18-pre2","1.18-pre1","21w44a","21w43a","21w42a","21w41a","21w40a","21w39a","21w38a","21w37a","1.17.1","1.17.1-rc2","1.17.1-rc1","1.17.1-pre3","1.17.1-pre2","1.17.1-pre1","1.17","1.17-rc2","1.17-rc1","1.17-pre5","1.17-pre4","1.17-pre3","1.17-pre2","1.17-pre1","21w20a","21w19a","21w18a","21w17a","21w16a","21w15a","21w14a","21w13a","21w11a","21w10a","21w08b","21w08a","21w07a","21w06a","21w05b","21w05a","21w03a","1.16.5","1.16.5-rc1","20w51a","20w49a","20w48a","20w46a","20w45a","1.16.4","1.16.4-rc1","1.16.4-pre2","1.16.4-pre1","1.16.3","1.16.3-rc1","1.16.2"]}
[I18N] Set to “en”.
[VanillaData: BlockDefinition for 1.18.2] Loading from local file ${globalStoragePath}/1.18.2/BlockDefinition.json...
[updateRoots] Data pack 1 = “file:///home/mag/Workstation/Crap/gitwork/Datapacks/RainCheck/”
[VanillaData: BlockDefinition for 1.18.2] Loaded from local file.
[VanillaData: NamespaceSummary for 1.18.2] Fetching from GitHub https://raw.githubusercontent.com/SPGoding/vanilla-datapack/1.18.2-summary/summary/flattened.min.json...
[updateCacheFile] [1] 14 ms
[updateCacheFile] [2] 59 ms
[updateCacheFile] [T] 73 ms
[VanillaData: NamespaceSummary for 1.18.2] SyntaxError: Unexpected token : in JSON at position 3 (1/3)
[VanillaData: NamespaceSummary for 1.18.2] Used the fallback.
[VanillaData: Nbtdoc for 1.18.2] Loading from local file ${globalStoragePath}/1.18.2/Nbtdoc.json...
[VanillaData: Nbtdoc for 1.18.2] Loaded from local file.
[VanillaData: Registry for 1.18.2] Loading from local file ${globalStoragePath}/1.18.2/Registry.json...
[VanillaData: Registry for 1.18.2] Loaded from local file.
