[2022-06-08T06:40:40.479Z] Validating found git in: git
[2022-06-08T06:40:40.514Z] Using git 2.36.1 from git
[2022-06-08T06:40:40.569Z] > git rev-parse --show-toplevel [47ms]
[2022-06-08T06:40:40.569Z] fatal: not a git repository (or any parent up to mount point /)
Stopping at filesystem boundary (GIT_DISCOVERY_ACROSS_FILESYSTEM not set).
[2022-06-08T06:40:40.588Z] > git rev-parse --show-toplevel [7ms]
[2022-06-08T06:40:40.588Z] fatal: not a git repository (or any parent up to mount point /)
Stopping at filesystem boundary (GIT_DISCOVERY_ACROSS_FILESYSTEM not set).
[2022-06-08T06:40:40.604Z] > git rev-parse --show-toplevel [1ms]
[2022-06-08T06:40:40.604Z] fatal: not a git repository (or any parent up to mount point /)
Stopping at filesystem boundary (GIT_DISCOVERY_ACROSS_FILESYSTEM not set).
[2022-06-08T06:40:40.782Z] > git rev-parse --show-toplevel [28ms]
[2022-06-08T06:40:40.782Z] fatal: not a git repository (or any parent up to mount point /)
Stopping at filesystem boundary (GIT_DISCOVERY_ACROSS_FILESYSTEM not set).
[2022-06-08T06:47:11.701Z] > git rev-parse --show-toplevel [146ms]
[2022-06-08T06:47:11.702Z] fatal: not a git repository (or any parent up to mount point /)
Stopping at filesystem boundary (GIT_DISCOVERY_ACROSS_FILESYSTEM not set).
[2022-06-08T06:47:13.345Z] > git rev-parse --show-toplevel [8ms]
[2022-06-08T06:47:13.345Z] fatal: not a git repository (or any parent up to mount point /)
Stopping at filesystem boundary (GIT_DISCOVERY_ACROSS_FILESYSTEM not set).
[2022-06-08T06:47:15.457Z] > git rev-parse --show-toplevel [9ms]
[2022-06-08T06:47:15.457Z] fatal: not a git repository (or any parent up to mount point /)
Stopping at filesystem boundary (GIT_DISCOVERY_ACROSS_FILESYSTEM not set).
[2022-06-08T06:47:23.783Z] > git rev-parse --show-toplevel [11ms]
[2022-06-08T06:47:23.784Z] fatal: not a git repository (or any parent up to mount point /)
Stopping at filesystem boundary (GIT_DISCOVERY_ACROSS_FILESYSTEM not set).
[2022-06-08T06:59:24.438Z] > git rev-parse --show-toplevel [259ms]
[2022-06-08T06:59:24.438Z] fatal: not a git repository (or any parent up to mount point /)
Stopping at filesystem boundary (GIT_DISCOVERY_ACROSS_FILESYSTEM not set).
[2022-06-08T06:59:28.406Z] > git rev-parse --show-toplevel [4ms]
[2022-06-08T06:59:28.406Z] fatal: not a git repository (or any parent up to mount point /)
Stopping at filesystem boundary (GIT_DISCOVERY_ACROSS_FILESYSTEM not set).
[2022-06-08T07:06:49.104Z] > git rev-parse --show-toplevel [43ms]
[2022-06-08T07:06:49.104Z] fatal: not a git repository (or any parent up to mount point /)
Stopping at filesystem boundary (GIT_DISCOVERY_ACROSS_FILESYSTEM not set).
[2022-06-08T07:09:30.223Z] > git rev-parse --show-toplevel [59ms]
[2022-06-08T07:09:30.223Z] fatal: not a git repository (or any parent up to mount point /)
Stopping at filesystem boundary (GIT_DISCOVERY_ACROSS_FILESYSTEM not set).
[2022-06-08T07:09:33.976Z] > git rev-parse --show-toplevel [6ms]
[2022-06-08T07:09:33.976Z] fatal: not a git repository (or any parent up to mount point /)
Stopping at filesystem boundary (GIT_DISCOVERY_ACROSS_FILESYSTEM not set).
[2022-06-08T07:09:41.695Z] > git rev-parse --show-toplevel [2ms]
[2022-06-08T07:09:41.695Z] fatal: not a git repository (or any parent up to mount point /)
Stopping at filesystem boundary (GIT_DISCOVERY_ACROSS_FILESYSTEM not set).
[2022-06-08T07:09:46.084Z] > git rev-parse --show-toplevel [15ms]
[2022-06-08T07:09:46.084Z] fatal: not a git repository (or any parent up to mount point /)
Stopping at filesystem boundary (GIT_DISCOVERY_ACROSS_FILESYSTEM not set).
[2022-06-08T07:11:22.063Z] > git rev-parse --show-toplevel [4ms]
[2022-06-08T07:11:22.064Z] fatal: not a git repository (or any parent up to mount point /)
Stopping at filesystem boundary (GIT_DISCOVERY_ACROSS_FILESYSTEM not set).
[2022-06-08T07:11:40.439Z] > git rev-parse --show-toplevel [15ms]
[2022-06-08T07:11:40.439Z] fatal: not a git repository (or any parent up to mount point /)
Stopping at filesystem boundary (GIT_DISCOVERY_ACROSS_FILESYSTEM not set).
[2022-06-08T07:11:51.177Z] > git rev-parse --show-toplevel [4ms]
[2022-06-08T07:11:51.177Z] fatal: not a git repository (or any parent up to mount point /)
Stopping at filesystem boundary (GIT_DISCOVERY_ACROSS_FILESYSTEM not set).
[2022-06-08T07:12:06.708Z] > git rev-parse --show-toplevel [10ms]
[2022-06-08T07:12:06.708Z] fatal: not a git repository (or any parent up to mount point /)
Stopping at filesystem boundary (GIT_DISCOVERY_ACROSS_FILESYSTEM not set).
[2022-06-08T07:12:10.093Z] > git rev-parse --show-toplevel [10ms]
[2022-06-08T07:12:10.093Z] fatal: not a git repository (or any parent up to mount point /)
Stopping at filesystem boundary (GIT_DISCOVERY_ACROSS_FILESYSTEM not set).
[2022-06-08T07:12:15.040Z] > git rev-parse --show-toplevel [13ms]
[2022-06-08T07:12:15.040Z] fatal: not a git repository (or any parent up to mount point /)
Stopping at filesystem boundary (GIT_DISCOVERY_ACROSS_FILESYSTEM not set).
